0 info it worked if it ends with ok
1 verbose cli [ '/usr/local/Cellar/node/6.4.0/bin/node',
1 verbose cli   '/usr/local/bin/npm',
1 verbose cli   'install',
1 verbose cli   '--save',
1 verbose cli   'postgres' ]
2 info using npm@3.10.3
3 info using node@v6.4.0
4 silly loadCurrentTree Starting
5 silly install loadCurrentTree
6 silly install readLocalPackageData
7 silly fetchPackageMetaData postgres
8 silly fetchNamedPackageData postgres
9 silly mapToRegistry name postgres
10 silly mapToRegistry using default registry
11 silly mapToRegistry registry https://registry.npmjs.org/
12 silly mapToRegistry data Result {
12 silly mapToRegistry   raw: 'postgres',
12 silly mapToRegistry   scope: null,
12 silly mapToRegistry   escapedName: 'postgres',
12 silly mapToRegistry   name: 'postgres',
12 silly mapToRegistry   rawSpec: '',
12 silly mapToRegistry   spec: 'latest',
12 silly mapToRegistry   type: 'tag' }
13 silly mapToRegistry uri https://registry.npmjs.org/postgres
14 verbose request uri https://registry.npmjs.org/postgres
15 verbose request no auth needed
16 info attempt registry request try #1 at 12:43:49 PM
17 verbose request id 119732b7b9bc6d7a
18 verbose etag "647809U4Q7N40F8W8042QD9KL"
19 http request GET https://registry.npmjs.org/postgres
20 http 304 https://registry.npmjs.org/postgres
21 verbose headers { date: 'Mon, 24 Oct 2016 05:43:49 GMT',
21 verbose headers   via: '1.1 varnish',
21 verbose headers   'cache-control': 'max-age=300',
21 verbose headers   etag: '"647809U4Q7N40F8W8042QD9KL"',
21 verbose headers   age: '0',
21 verbose headers   connection: 'keep-alive',
21 verbose headers   'x-served-by': 'cache-sin6927-SIN',
21 verbose headers   'x-cache': 'MISS',
21 verbose headers   'x-cache-hits': '0',
21 verbose headers   'x-timer': 'S1477287829.842851,VS0,VE251',
21 verbose headers   vary: 'Accept-Encoding' }
22 silly get cb [ 304,
22 silly get   { date: 'Mon, 24 Oct 2016 05:43:49 GMT',
22 silly get     via: '1.1 varnish',
22 silly get     'cache-control': 'max-age=300',
22 silly get     etag: '"647809U4Q7N40F8W8042QD9KL"',
22 silly get     age: '0',
22 silly get     connection: 'keep-alive',
22 silly get     'x-served-by': 'cache-sin6927-SIN',
22 silly get     'x-cache': 'MISS',
22 silly get     'x-cache-hits': '0',
22 silly get     'x-timer': 'S1477287829.842851,VS0,VE251',
22 silly get     vary: 'Accept-Encoding' } ]
23 verbose etag https://registry.npmjs.org/postgres from cache
24 verbose get saving postgres to /Users/hacktiv8-12/.npm/registry.npmjs.org/postgres/.cache.json
25 verbose correctMkdir /Users/hacktiv8-12/.npm correctMkdir not in flight; initializing
26 silly install normalizeTree
27 silly loadCurrentTree Finishing
28 silly loadIdealTree Starting
29 silly install loadIdealTree
30 silly cloneCurrentTree Starting
31 silly install cloneCurrentTreeToIdealTree
32 silly cloneCurrentTree Finishing
33 silly loadShrinkwrap Starting
34 silly install loadShrinkwrap
35 silly loadShrinkwrap Finishing
36 silly loadAllDepsIntoIdealTree Starting
37 silly install loadAllDepsIntoIdealTree
38 silly resolveWithNewModule postgres@0.0.1 checking installable status
39 silly cache add args [ 'postgres', null ]
40 verbose cache add spec postgres
41 silly cache add parsed spec Result {
41 silly cache add   raw: 'postgres',
41 silly cache add   scope: null,
41 silly cache add   escapedName: 'postgres',
41 silly cache add   name: 'postgres',
41 silly cache add   rawSpec: '',
41 silly cache add   spec: 'latest',
41 silly cache add   type: 'tag' }
42 silly addNamed postgres@latest
43 verbose addNamed "latest" is being treated as a dist-tag for postgres
44 info addNameTag [ 'postgres', 'latest' ]
45 silly mapToRegistry name postgres
46 silly mapToRegistry using default registry
47 silly mapToRegistry registry https://registry.npmjs.org/
48 silly mapToRegistry data Result {
48 silly mapToRegistry   raw: 'postgres',
48 silly mapToRegistry   scope: null,
48 silly mapToRegistry   escapedName: 'postgres',
48 silly mapToRegistry   name: 'postgres',
48 silly mapToRegistry   rawSpec: '',
48 silly mapToRegistry   spec: 'latest',
48 silly mapToRegistry   type: 'tag' }
49 silly mapToRegistry uri https://registry.npmjs.org/postgres
50 verbose addNameTag registry:https://registry.npmjs.org/postgres not in flight; fetching
51 verbose get https://registry.npmjs.org/postgres not expired, no request
52 silly addNameTag next cb for postgres with tag latest
53 silly addNamed postgres@0.0.1
54 verbose addNamed "0.0.1" is a plain semver version for postgres
55 silly cache afterAdd postgres@0.0.1
56 verbose afterAdd /Users/hacktiv8-12/.npm/postgres/0.0.1/package/package.json not in flight; writing
57 verbose correctMkdir /Users/hacktiv8-12/.npm correctMkdir not in flight; initializing
58 verbose afterAdd /Users/hacktiv8-12/.npm/postgres/0.0.1/package/package.json written
59 silly loadAllDepsIntoIdealTree Finishing
60 silly loadIdealTree Finishing
61 silly currentTree rest-basic@0.0.0
61 silly currentTree ├── abbrev@1.0.9
61 silly currentTree ├── accepts@1.2.13
61 silly currentTree ├── acorn-globals@1.0.9
61 silly currentTree ├── acorn@2.7.0
61 silly currentTree ├── align-text@0.1.4
61 silly currentTree ├── amdefine@1.0.0
61 silly currentTree ├── ansi-regex@2.0.0
61 silly currentTree ├── ansi-styles@2.2.1
61 silly currentTree ├── anymatch@1.3.0
61 silly currentTree ├── arr-diff@2.0.0
61 silly currentTree ├── arr-flatten@1.0.1
61 silly currentTree ├── array-flatten@1.1.1
61 silly currentTree ├── array-unique@0.2.1
61 silly currentTree ├── arrify@1.0.1
61 silly currentTree ├── asap@1.0.0
61 silly currentTree ├── async-each@1.0.1
61 silly currentTree ├── async@0.2.10
61 silly currentTree ├── bail@1.0.1
61 silly currentTree ├── balanced-match@0.4.2
61 silly currentTree ├── basic-auth@1.0.4
61 silly currentTree ├── binary-extensions@1.7.0
61 silly currentTree ├── body-parser@1.15.2
61 silly currentTree ├── brace-expansion@1.1.6
61 silly currentTree ├── braces@1.8.5
61 silly currentTree ├── buffer-shims@1.0.0
61 silly currentTree ├── bytes@2.4.0
61 silly currentTree ├── camelcase@1.2.1
61 silly currentTree ├── ccount@1.0.1
61 silly currentTree ├── center-align@0.1.3
61 silly currentTree ├── chalk@1.1.3
61 silly currentTree ├── character-entities-html4@1.0.1
61 silly currentTree ├── character-entities-legacy@1.0.1
61 silly currentTree ├── character-entities@1.1.0
61 silly currentTree ├── character-parser@1.2.1
61 silly currentTree ├── character-reference-invalid@1.0.1
61 silly currentTree ├── chokidar@1.6.1
61 silly currentTree ├─┬ clean-css@3.4.20
61 silly currentTree │ └── commander@2.8.1
61 silly currentTree ├─┬ cliui@2.1.0
61 silly currentTree │ └── wordwrap@0.0.2
61 silly currentTree ├── code-point-at@1.0.1
61 silly currentTree ├── collapse-white-space@1.0.2
61 silly currentTree ├── colors@1.1.2
61 silly currentTree ├── comma-separated-tokens@1.0.2
61 silly currentTree ├── commander@2.6.0
61 silly currentTree ├── concat-map@0.0.1
61 silly currentTree ├── configstore@1.4.0
61 silly currentTree ├── constantinople@3.0.2
61 silly currentTree ├── content-disposition@0.5.1
61 silly currentTree ├── content-type@1.0.2
61 silly currentTree ├── cookie-parser@1.4.3
61 silly currentTree ├── cookie-signature@1.0.6
61 silly currentTree ├── cookie@0.3.1
61 silly currentTree ├── core-util-is@1.0.2
61 silly currentTree ├── css-parse@1.0.4
61 silly currentTree ├── css-stringify@1.0.5
61 silly currentTree ├── css@1.0.8
61 silly currentTree ├── debug@2.2.0
61 silly currentTree ├── decamelize@1.2.0
61 silly currentTree ├── deep-extend@0.4.1
61 silly currentTree ├── depd@1.1.0
61 silly currentTree ├── destroy@1.0.4
61 silly currentTree ├── detab@1.0.2
61 silly currentTree ├── duplexer@0.1.1
61 silly currentTree ├── duplexify@3.4.6
61 silly currentTree ├── ee-first@1.1.1
61 silly currentTree ├── end-of-stream@1.0.0
61 silly currentTree ├── es6-promise@3.3.1
61 silly currentTree ├── escape-html@1.0.3
61 silly currentTree ├── escape-string-regexp@1.0.5
61 silly currentTree ├── etag@1.7.0
61 silly currentTree ├── event-stream@3.3.4
61 silly currentTree ├── expand-brackets@0.1.5
61 silly currentTree ├── expand-range@1.8.2
61 silly currentTree ├─┬ express@4.13.4
61 silly currentTree │ ├── cookie@0.1.5
61 silly currentTree │ └── qs@4.0.0
61 silly currentTree ├── extend@3.0.0
61 silly currentTree ├── extglob@0.3.2
61 silly currentTree ├── filename-regex@2.0.0
61 silly currentTree ├── fill-range@2.2.3
61 silly currentTree ├── finalhandler@0.4.1
61 silly currentTree ├── for-in@0.1.6
61 silly currentTree ├── for-own@0.1.4
61 silly currentTree ├── forwarded@0.1.0
61 silly currentTree ├── fresh@0.3.0
61 silly currentTree ├── from@0.1.3
61 silly currentTree ├─┬ fsevents@1.0.14
61 silly currentTree │ ├── abbrev@1.0.9
61 silly currentTree │ ├── ansi-regex@2.0.0
61 silly currentTree │ ├── ansi-styles@2.2.1
61 silly currentTree │ ├── aproba@1.0.4
61 silly currentTree │ ├── are-we-there-yet@1.1.2
61 silly currentTree │ ├── asn1@0.2.3
61 silly currentTree │ ├── assert-plus@0.2.0
61 silly currentTree │ ├── async@1.5.2
61 silly currentTree │ ├── aws-sign2@0.6.0
61 silly currentTree │ ├── aws4@1.4.1
61 silly currentTree │ ├── balanced-match@0.4.2
61 silly currentTree │ ├─┬ bl@1.1.2
61 silly currentTree │ │ └── readable-stream@2.0.6
61 silly currentTree │ ├── block-stream@0.0.9
61 silly currentTree │ ├── boom@2.10.1
61 silly currentTree │ ├── brace-expansion@1.1.5
61 silly currentTree │ ├── buffer-shims@1.0.0
61 silly currentTree │ ├── caseless@0.11.0
61 silly currentTree │ ├── chalk@1.1.3
61 silly currentTree │ ├── code-point-at@1.0.0
61 silly currentTree │ ├── combined-stream@1.0.5
61 silly currentTree │ ├── commander@2.9.0
61 silly currentTree │ ├── concat-map@0.0.1
61 silly currentTree │ ├── console-control-strings@1.1.0
61 silly currentTree │ ├── core-util-is@1.0.2
61 silly currentTree │ ├── cryptiles@2.0.5
61 silly currentTree │ ├─┬ dashdash@1.14.0
61 silly currentTree │ │ └── assert-plus@1.0.0
61 silly currentTree │ ├── debug@2.2.0
61 silly currentTree │ ├── deep-extend@0.4.1
61 silly currentTree │ ├── delayed-stream@1.0.0
61 silly currentTree │ ├── delegates@1.0.0
61 silly currentTree │ ├── ecc-jsbn@0.1.1
61 silly currentTree │ ├── escape-string-regexp@1.0.5
61 silly currentTree │ ├── extend@3.0.0
61 silly currentTree │ ├── extsprintf@1.0.2
61 silly currentTree │ ├── forever-agent@0.6.1
61 silly currentTree │ ├── form-data@1.0.0-rc4
61 silly currentTree │ ├── fs.realpath@1.0.0
61 silly currentTree │ ├── fstream-ignore@1.0.5
61 silly currentTree │ ├── fstream@1.0.10
61 silly currentTree │ ├── gauge@2.6.0
61 silly currentTree │ ├── generate-function@2.0.0
61 silly currentTree │ ├── generate-object-property@1.2.0
61 silly currentTree │ ├─┬ getpass@0.1.6
61 silly currentTree │ │ └── assert-plus@1.0.0
61 silly currentTree │ ├── glob@7.0.5
61 silly currentTree │ ├── graceful-fs@4.1.4
61 silly currentTree │ ├── graceful-readlink@1.0.1
61 silly currentTree │ ├── har-validator@2.0.6
61 silly currentTree │ ├── has-ansi@2.0.0
61 silly currentTree │ ├── has-color@0.1.7
61 silly currentTree │ ├── has-unicode@2.0.1
61 silly currentTree │ ├── hawk@3.1.3
61 silly currentTree │ ├── hoek@2.16.3
61 silly currentTree │ ├── http-signature@1.1.1
61 silly currentTree │ ├── inflight@1.0.5
61 silly currentTree │ ├── inherits@2.0.1
61 silly currentTree │ ├── ini@1.3.4
61 silly currentTree │ ├── is-fullwidth-code-point@1.0.0
61 silly currentTree │ ├── is-my-json-valid@2.13.1
61 silly currentTree │ ├── is-property@1.0.2
61 silly currentTree │ ├── is-typedarray@1.0.0
61 silly currentTree │ ├── isarray@1.0.0
61 silly currentTree │ ├── isstream@0.1.2
61 silly currentTree │ ├── jodid25519@1.0.2
61 silly currentTree │ ├── jsbn@0.1.0
61 silly currentTree │ ├── json-schema@0.2.2
61 silly currentTree │ ├── json-stringify-safe@5.0.1
61 silly currentTree │ ├── jsonpointer@2.0.0
61 silly currentTree │ ├── jsprim@1.3.0
61 silly currentTree │ ├── mime-db@1.23.0
61 silly currentTree │ ├── mime-types@2.1.11
61 silly currentTree │ ├── minimatch@3.0.2
61 silly currentTree │ ├── minimist@0.0.8
61 silly currentTree │ ├── mkdirp@0.5.1
61 silly currentTree │ ├── ms@0.7.1
61 silly currentTree │ ├── node-pre-gyp@0.6.29
61 silly currentTree │ ├── node-uuid@1.4.7
61 silly currentTree │ ├── nopt@3.0.6
61 silly currentTree │ ├── npmlog@3.1.2
61 silly currentTree │ ├── number-is-nan@1.0.0
61 silly currentTree │ ├── oauth-sign@0.8.2
61 silly currentTree │ ├── object-assign@4.1.0
61 silly currentTree │ ├── once@1.3.3
61 silly currentTree │ ├── path-is-absolute@1.0.0
61 silly currentTree │ ├── pinkie-promise@2.0.1
61 silly currentTree │ ├── pinkie@2.0.4
61 silly currentTree │ ├── process-nextick-args@1.0.7
61 silly currentTree │ ├── qs@6.2.0
61 silly currentTree │ ├─┬ rc@1.1.6
61 silly currentTree │ │ └── minimist@1.2.0
61 silly currentTree │ ├── readable-stream@2.1.4
61 silly currentTree │ ├── request@2.73.0
61 silly currentTree │ ├── rimraf@2.5.3
61 silly currentTree │ ├── semver@5.2.0
61 silly currentTree │ ├── set-blocking@2.0.0
61 silly currentTree │ ├── signal-exit@3.0.0
61 silly currentTree │ ├── sntp@1.0.9
61 silly currentTree │ ├─┬ sshpk@1.8.3
61 silly currentTree │ │ └── assert-plus@1.0.0
61 silly currentTree │ ├── string_decoder@0.10.31
61 silly currentTree │ ├── string-width@1.0.1
61 silly currentTree │ ├── stringstream@0.0.5
61 silly currentTree │ ├── strip-ansi@3.0.1
61 silly currentTree │ ├── strip-json-comments@1.0.4
61 silly currentTree │ ├── supports-color@2.0.0
61 silly currentTree │ ├── tar-pack@3.1.4
61 silly currentTree │ ├── tar@2.2.1
61 silly currentTree │ ├── tough-cookie@2.2.2
61 silly currentTree │ ├── tunnel-agent@0.4.3
61 silly currentTree │ ├── tweetnacl@0.13.3
61 silly currentTree │ ├── uid-number@0.0.6
61 silly currentTree │ ├── util-deprecate@1.0.2
61 silly currentTree │ ├── verror@1.3.6
61 silly currentTree │ ├── wide-align@1.1.0
61 silly currentTree │ ├── wrappy@1.0.2
61 silly currentTree │ └── xtend@4.0.1
61 silly currentTree ├── function-bind@1.1.0
61 silly currentTree ├── glob-base@0.3.0
61 silly currentTree ├── glob-parent@2.0.0
61 silly currentTree ├─┬ got@3.3.1
61 silly currentTree │ └── object-assign@3.0.0
61 silly currentTree ├── graceful-fs@4.1.9
61 silly currentTree ├── graceful-readlink@1.0.1
61 silly currentTree ├── has-ansi@2.0.0
61 silly currentTree ├── has@1.0.1
61 silly currentTree ├── hast-util-is-element@1.0.0
61 silly currentTree ├── hast-util-to-html@2.1.0
61 silly currentTree ├── hast-util-whitespace@1.0.0
61 silly currentTree ├── html-void-elements@1.0.1
61 silly currentTree ├── http-errors@1.5.0
61 silly currentTree ├── iconv-lite@0.4.13
61 silly currentTree ├── ignore-by-default@1.0.1
61 silly currentTree ├── imurmurhash@0.1.4
61 silly currentTree ├── infinity-agent@2.0.3
61 silly currentTree ├── inherits@2.0.1
61 silly currentTree ├── ini@1.3.4
61 silly currentTree ├── invert-kv@1.0.0
61 silly currentTree ├── ipaddr.js@1.0.5
61 silly currentTree ├── is-alphabetical@1.0.0
61 silly currentTree ├── is-alphanumerical@1.0.0
61 silly currentTree ├── is-binary-path@1.0.1
61 silly currentTree ├── is-buffer@1.1.4
61 silly currentTree ├── is-decimal@1.0.0
61 silly currentTree ├── is-dotfile@1.0.2
61 silly currentTree ├── is-equal-shallow@0.1.3
61 silly currentTree ├── is-extendable@0.1.1
61 silly currentTree ├── is-extglob@1.0.0
61 silly currentTree ├── is-finite@1.0.2
61 silly currentTree ├── is-fullwidth-code-point@1.0.0
61 silly currentTree ├── is-glob@2.0.1
61 silly currentTree ├── is-hexadecimal@1.0.0
61 silly currentTree ├── is-npm@1.0.0
61 silly currentTree ├── is-number@2.1.0
61 silly currentTree ├── is-posix-bracket@0.1.1
61 silly currentTree ├── is-primitive@2.0.0
61 silly currentTree ├── is-promise@2.1.0
61 silly currentTree ├── is-redirect@1.0.0
61 silly currentTree ├── is-stream@1.1.0
61 silly currentTree ├── isarray@1.0.0
61 silly currentTree ├── isobject@2.1.0
61 silly currentTree ├── jade@1.11.0
61 silly currentTree ├── jstransformer@0.0.2
61 silly currentTree ├── kebab-case@1.0.0
61 silly currentTree ├── kind-of@3.0.4
61 silly currentTree ├── latest-version@1.0.1
61 silly currentTree ├── lazy-cache@1.0.4
61 silly currentTree ├── lcid@1.0.0
61 silly currentTree ├── lodash._baseassign@3.2.0
61 silly currentTree ├── lodash._basecopy@3.0.1
61 silly currentTree ├── lodash._bindcallback@3.0.1
61 silly currentTree ├── lodash._createassigner@3.1.1
61 silly currentTree ├── lodash._getnative@3.9.1
61 silly currentTree ├── lodash._isiterateecall@3.0.9
61 silly currentTree ├── lodash.assign@3.2.0
61 silly currentTree ├── lodash.defaults@3.1.2
61 silly currentTree ├── lodash.isarguments@3.1.0
61 silly currentTree ├── lodash.isarray@3.0.4
61 silly currentTree ├── lodash.keys@3.1.2
61 silly currentTree ├── lodash.restparam@3.6.1
61 silly currentTree ├── longest@1.0.1
61 silly currentTree ├── lowercase-keys@1.0.0
61 silly currentTree ├── map-stream@0.1.0
61 silly currentTree ├─┬ markdown-preview@0.3.13
61 silly currentTree │ └── commander@2.9.0
61 silly currentTree ├── marked@0.3.5
61 silly currentTree ├── mdast-util-definitions@1.1.1
61 silly currentTree ├── mdast-util-to-hast@1.0.0
61 silly currentTree ├── media-typer@0.3.0
61 silly currentTree ├── merge-descriptors@1.0.1
61 silly currentTree ├── methods@1.1.2
61 silly currentTree ├── micromatch@2.3.11
61 silly currentTree ├── mime-db@1.24.0
61 silly currentTree ├── mime-types@2.1.12
61 silly currentTree ├── mime@1.3.4
61 silly currentTree ├── minimatch@3.0.3
61 silly currentTree ├── minimist@0.0.8
61 silly currentTree ├── mkdirp@0.5.1
61 silly currentTree ├── morgan@1.7.0
61 silly currentTree ├── ms@0.7.1
61 silly currentTree ├── nan@2.4.0
61 silly currentTree ├── negotiator@0.5.3
61 silly currentTree ├── nested-error-stacks@1.0.2
61 silly currentTree ├── node-watch@0.3.5
61 silly currentTree ├── nodemon@1.11.0
61 silly currentTree ├── nopt@1.0.10
61 silly currentTree ├── normalize-path@2.0.1
61 silly currentTree ├── normalize-uri@1.0.0
61 silly currentTree ├── number-is-nan@1.0.1
61 silly currentTree ├── object-assign@4.1.0
61 silly currentTree ├── object.omit@2.0.0
61 silly currentTree ├── on-finished@2.3.0
61 silly currentTree ├── on-headers@1.0.1
61 silly currentTree ├── once@1.3.3
61 silly currentTree ├── open@0.0.5
61 silly currentTree ├── optimist@0.3.7
61 silly currentTree ├── os-homedir@1.0.2
61 silly currentTree ├── os-locale@1.4.0
61 silly currentTree ├── os-tmpdir@1.0.2
61 silly currentTree ├── osenv@0.1.3
61 silly currentTree ├── package-json@1.2.0
61 silly currentTree ├── parse-entities@1.1.0
61 silly currentTree ├── parse-glob@3.0.4
61 silly currentTree ├── parseurl@1.3.1
61 silly currentTree ├── path-is-absolute@1.0.1
61 silly currentTree ├── path-to-regexp@0.1.7
61 silly currentTree ├── pause-stream@0.0.11
61 silly currentTree ├── pinkie-promise@2.0.1
61 silly currentTree ├── pinkie@2.0.4
61 silly currentTree ├── prepend-http@1.0.4
61 silly currentTree ├── preserve@0.2.0
61 silly currentTree ├─┬ prettyjson@1.1.3
61 silly currentTree │ └── minimist@1.2.0
61 silly currentTree ├── process-nextick-args@1.0.7
61 silly currentTree ├── promise@6.1.0
61 silly currentTree ├── property-information@3.1.0
61 silly currentTree ├── proxy-addr@1.0.10
61 silly currentTree ├── ps-tree@1.1.0
61 silly currentTree ├── qs@6.2.0
61 silly currentTree ├── randomatic@1.1.5
61 silly currentTree ├── range-parser@1.0.3
61 silly currentTree ├── raw-body@2.1.7
61 silly currentTree ├─┬ rc@1.1.6
61 silly currentTree │ └── minimist@1.2.0
61 silly currentTree ├── read-all-stream@3.1.0
61 silly currentTree ├── readable-stream@2.1.5
61 silly currentTree ├── readdirp@2.1.0
61 silly currentTree ├── regex-cache@0.4.3
61 silly currentTree ├── registry-url@3.1.0
61 silly currentTree ├── rehype-stringify@2.0.0
61 silly currentTree ├── remark-parse@1.1.0
61 silly currentTree ├── remark-rehype@1.1.0
61 silly currentTree ├── repeat-element@1.1.2
61 silly currentTree ├── repeat-string@1.6.1
61 silly currentTree ├── repeating@1.1.3
61 silly currentTree ├── right-align@0.1.3
61 silly currentTree ├── semver-diff@2.1.0
61 silly currentTree ├── semver@5.3.0
61 silly currentTree ├─┬ send@0.13.1
61 silly currentTree │ ├── http-errors@1.3.1
61 silly currentTree │ └── statuses@1.2.1
61 silly currentTree ├── serve-favicon@2.3.0
61 silly currentTree ├─┬ serve-static@1.10.3
61 silly currentTree │ ├── http-errors@1.3.1
61 silly currentTree │ ├── send@0.13.2
61 silly currentTree │ └── statuses@1.2.1
61 silly currentTree ├── set-immediate-shim@1.0.1
61 silly currentTree ├── setprototypeof@1.0.1
61 silly currentTree ├─┬ showdown@1.4.3
61 silly currentTree │ ├── camelcase@2.1.1
61 silly currentTree │ ├── cliui@3.2.0
61 silly currentTree │ ├── window-size@0.1.4
61 silly currentTree │ └── yargs@3.32.0
61 silly currentTree ├── slide@1.1.6
61 silly currentTree ├── source-map@0.4.4
61 silly currentTree ├── space-separated-tokens@1.0.0
61 silly currentTree ├── split@0.3.3
61 silly currentTree ├── statuses@1.3.0
61 silly currentTree ├── stream-combiner@0.0.4
61 silly currentTree ├── stream-shift@1.0.0
61 silly currentTree ├── string_decoder@0.10.31
61 silly currentTree ├── string-length@1.0.1
61 silly currentTree ├── string-width@1.0.2
61 silly currentTree ├── stringify-entities@1.2.0
61 silly currentTree ├── strip-ansi@3.0.1
61 silly currentTree ├── strip-json-comments@1.0.4
61 silly currentTree ├── supports-color@2.0.0
61 silly currentTree ├── through@2.3.8
61 silly currentTree ├── timed-out@2.0.0
61 silly currentTree ├── touch@1.0.0
61 silly currentTree ├─┬ transformers@2.1.0
61 silly currentTree │ ├── is-promise@1.0.1
61 silly currentTree │ ├── promise@2.0.0
61 silly currentTree │ ├── source-map@0.1.43
61 silly currentTree │ └── uglify-js@2.2.5
61 silly currentTree ├── trim-lines@1.0.0
61 silly currentTree ├── trim-trailing-lines@1.0.0
61 silly currentTree ├── trim@0.0.1
61 silly currentTree ├── trough@1.0.0
61 silly currentTree ├── type-is@1.6.13
61 silly currentTree ├─┬ uglify-js@2.7.4
61 silly currentTree │ └── source-map@0.5.6
61 silly currentTree ├── uglify-to-browserify@1.0.2
61 silly currentTree ├── undefsafe@0.0.3
61 silly currentTree ├── unherit@1.1.0
61 silly currentTree ├── unified@4.2.1
61 silly currentTree ├── unist-builder@1.0.2
61 silly currentTree ├── unist-util-is@2.0.0
61 silly currentTree ├── unist-util-position@2.0.1
61 silly currentTree ├── unist-util-remove-position@1.1.0
61 silly currentTree ├── unist-util-visit@1.1.0
61 silly currentTree ├── unpipe@1.0.0
61 silly currentTree ├── update-notifier@0.5.0
61 silly currentTree ├── util-deprecate@1.0.2
61 silly currentTree ├── utils-merge@1.0.0
61 silly currentTree ├── uuid@2.0.3
61 silly currentTree ├── vary@1.0.1
61 silly currentTree ├── vfile-location@2.0.1
61 silly currentTree ├── vfile@1.4.0
61 silly currentTree ├── void-elements@2.0.1
61 silly currentTree ├── window-size@0.1.0
61 silly currentTree ├─┬ with@4.0.3
61 silly currentTree │ └── acorn@1.2.2
61 silly currentTree ├── wordwrap@0.0.3
61 silly currentTree ├── wrap-ansi@2.0.0
61 silly currentTree ├── wrappy@1.0.2
61 silly currentTree ├── write-file-atomic@1.2.0
61 silly currentTree ├── xdg-basedir@2.0.0
61 silly currentTree ├── xtend@4.0.1
61 silly currentTree ├── y18n@3.2.1
61 silly currentTree └── yargs@3.10.0
62 silly idealTree rest-basic@0.0.0
62 silly idealTree ├── abbrev@1.0.9
62 silly idealTree ├── accepts@1.2.13
62 silly idealTree ├── acorn-globals@1.0.9
62 silly idealTree ├── acorn@2.7.0
62 silly idealTree ├── align-text@0.1.4
62 silly idealTree ├── amdefine@1.0.0
62 silly idealTree ├── ansi-regex@2.0.0
62 silly idealTree ├── ansi-styles@2.2.1
62 silly idealTree ├── anymatch@1.3.0
62 silly idealTree ├── arr-diff@2.0.0
62 silly idealTree ├── arr-flatten@1.0.1
62 silly idealTree ├── array-flatten@1.1.1
62 silly idealTree ├── array-unique@0.2.1
62 silly idealTree ├── arrify@1.0.1
62 silly idealTree ├── asap@1.0.0
62 silly idealTree ├── async-each@1.0.1
62 silly idealTree ├── async@0.2.10
62 silly idealTree ├── bail@1.0.1
62 silly idealTree ├── balanced-match@0.4.2
62 silly idealTree ├── basic-auth@1.0.4
62 silly idealTree ├── binary-extensions@1.7.0
62 silly idealTree ├── body-parser@1.15.2
62 silly idealTree ├── brace-expansion@1.1.6
62 silly idealTree ├── braces@1.8.5
62 silly idealTree ├── buffer-shims@1.0.0
62 silly idealTree ├── bytes@2.4.0
62 silly idealTree ├── camelcase@1.2.1
62 silly idealTree ├── ccount@1.0.1
62 silly idealTree ├── center-align@0.1.3
62 silly idealTree ├── chalk@1.1.3
62 silly idealTree ├── character-entities-html4@1.0.1
62 silly idealTree ├── character-entities-legacy@1.0.1
62 silly idealTree ├── character-entities@1.1.0
62 silly idealTree ├── character-parser@1.2.1
62 silly idealTree ├── character-reference-invalid@1.0.1
62 silly idealTree ├── chokidar@1.6.1
62 silly idealTree ├─┬ clean-css@3.4.20
62 silly idealTree │ └── commander@2.8.1
62 silly idealTree ├─┬ cliui@2.1.0
62 silly idealTree │ └── wordwrap@0.0.2
62 silly idealTree ├── code-point-at@1.0.1
62 silly idealTree ├── collapse-white-space@1.0.2
62 silly idealTree ├── colors@1.1.2
62 silly idealTree ├── comma-separated-tokens@1.0.2
62 silly idealTree ├── commander@2.6.0
62 silly idealTree ├── concat-map@0.0.1
62 silly idealTree ├── configstore@1.4.0
62 silly idealTree ├── constantinople@3.0.2
62 silly idealTree ├── content-disposition@0.5.1
62 silly idealTree ├── content-type@1.0.2
62 silly idealTree ├── cookie-parser@1.4.3
62 silly idealTree ├── cookie-signature@1.0.6
62 silly idealTree ├── cookie@0.3.1
62 silly idealTree ├── core-util-is@1.0.2
62 silly idealTree ├── css-parse@1.0.4
62 silly idealTree ├── css-stringify@1.0.5
62 silly idealTree ├── css@1.0.8
62 silly idealTree ├── debug@2.2.0
62 silly idealTree ├── decamelize@1.2.0
62 silly idealTree ├── deep-extend@0.4.1
62 silly idealTree ├── depd@1.1.0
62 silly idealTree ├── destroy@1.0.4
62 silly idealTree ├── detab@1.0.2
62 silly idealTree ├── duplexer@0.1.1
62 silly idealTree ├── duplexify@3.4.6
62 silly idealTree ├── ee-first@1.1.1
62 silly idealTree ├── end-of-stream@1.0.0
62 silly idealTree ├── es6-promise@3.3.1
62 silly idealTree ├── escape-html@1.0.3
62 silly idealTree ├── escape-string-regexp@1.0.5
62 silly idealTree ├── etag@1.7.0
62 silly idealTree ├── event-stream@3.3.4
62 silly idealTree ├── expand-brackets@0.1.5
62 silly idealTree ├── expand-range@1.8.2
62 silly idealTree ├─┬ express@4.13.4
62 silly idealTree │ ├── cookie@0.1.5
62 silly idealTree │ └── qs@4.0.0
62 silly idealTree ├── extend@3.0.0
62 silly idealTree ├── extglob@0.3.2
62 silly idealTree ├── filename-regex@2.0.0
62 silly idealTree ├── fill-range@2.2.3
62 silly idealTree ├── finalhandler@0.4.1
62 silly idealTree ├── for-in@0.1.6
62 silly idealTree ├── for-own@0.1.4
62 silly idealTree ├── forwarded@0.1.0
62 silly idealTree ├── fresh@0.3.0
62 silly idealTree ├── from@0.1.3
62 silly idealTree ├─┬ fsevents@1.0.14
62 silly idealTree │ ├── abbrev@1.0.9
62 silly idealTree │ ├── ansi-regex@2.0.0
62 silly idealTree │ ├── ansi-styles@2.2.1
62 silly idealTree │ ├── aproba@1.0.4
62 silly idealTree │ ├── are-we-there-yet@1.1.2
62 silly idealTree │ ├── asn1@0.2.3
62 silly idealTree │ ├── assert-plus@0.2.0
62 silly idealTree │ ├── async@1.5.2
62 silly idealTree │ ├── aws-sign2@0.6.0
62 silly idealTree │ ├── aws4@1.4.1
62 silly idealTree │ ├── balanced-match@0.4.2
62 silly idealTree │ ├─┬ bl@1.1.2
62 silly idealTree │ │ └── readable-stream@2.0.6
62 silly idealTree │ ├── block-stream@0.0.9
62 silly idealTree │ ├── boom@2.10.1
62 silly idealTree │ ├── brace-expansion@1.1.5
62 silly idealTree │ ├── buffer-shims@1.0.0
62 silly idealTree │ ├── caseless@0.11.0
62 silly idealTree │ ├── chalk@1.1.3
62 silly idealTree │ ├── code-point-at@1.0.0
62 silly idealTree │ ├── combined-stream@1.0.5
62 silly idealTree │ ├── commander@2.9.0
62 silly idealTree │ ├── concat-map@0.0.1
62 silly idealTree │ ├── console-control-strings@1.1.0
62 silly idealTree │ ├── core-util-is@1.0.2
62 silly idealTree │ ├── cryptiles@2.0.5
62 silly idealTree │ ├─┬ dashdash@1.14.0
62 silly idealTree │ │ └── assert-plus@1.0.0
62 silly idealTree │ ├── debug@2.2.0
62 silly idealTree │ ├── deep-extend@0.4.1
62 silly idealTree │ ├── delayed-stream@1.0.0
62 silly idealTree │ ├── delegates@1.0.0
62 silly idealTree │ ├── ecc-jsbn@0.1.1
62 silly idealTree │ ├── escape-string-regexp@1.0.5
62 silly idealTree │ ├── extend@3.0.0
62 silly idealTree │ ├── extsprintf@1.0.2
62 silly idealTree │ ├── forever-agent@0.6.1
62 silly idealTree │ ├── form-data@1.0.0-rc4
62 silly idealTree │ ├── fs.realpath@1.0.0
62 silly idealTree │ ├── fstream-ignore@1.0.5
62 silly idealTree │ ├── fstream@1.0.10
62 silly idealTree │ ├── gauge@2.6.0
62 silly idealTree │ ├── generate-function@2.0.0
62 silly idealTree │ ├── generate-object-property@1.2.0
62 silly idealTree │ ├─┬ getpass@0.1.6
62 silly idealTree │ │ └── assert-plus@1.0.0
62 silly idealTree │ ├── glob@7.0.5
62 silly idealTree │ ├── graceful-fs@4.1.4
62 silly idealTree │ ├── graceful-readlink@1.0.1
62 silly idealTree │ ├── har-validator@2.0.6
62 silly idealTree │ ├── has-ansi@2.0.0
62 silly idealTree │ ├── has-color@0.1.7
62 silly idealTree │ ├── has-unicode@2.0.1
62 silly idealTree │ ├── hawk@3.1.3
62 silly idealTree │ ├── hoek@2.16.3
62 silly idealTree │ ├── http-signature@1.1.1
62 silly idealTree │ ├── inflight@1.0.5
62 silly idealTree │ ├── inherits@2.0.1
62 silly idealTree │ ├── ini@1.3.4
62 silly idealTree │ ├── is-fullwidth-code-point@1.0.0
62 silly idealTree │ ├── is-my-json-valid@2.13.1
62 silly idealTree │ ├── is-property@1.0.2
62 silly idealTree │ ├── is-typedarray@1.0.0
62 silly idealTree │ ├── isarray@1.0.0
62 silly idealTree │ ├── isstream@0.1.2
62 silly idealTree │ ├── jodid25519@1.0.2
62 silly idealTree │ ├── jsbn@0.1.0
62 silly idealTree │ ├── json-schema@0.2.2
62 silly idealTree │ ├── json-stringify-safe@5.0.1
62 silly idealTree │ ├── jsonpointer@2.0.0
62 silly idealTree │ ├── jsprim@1.3.0
62 silly idealTree │ ├── mime-db@1.23.0
62 silly idealTree │ ├── mime-types@2.1.11
62 silly idealTree │ ├── minimatch@3.0.2
62 silly idealTree │ ├── minimist@0.0.8
62 silly idealTree │ ├── mkdirp@0.5.1
62 silly idealTree │ ├── ms@0.7.1
62 silly idealTree │ ├── node-pre-gyp@0.6.29
62 silly idealTree │ ├── node-uuid@1.4.7
62 silly idealTree │ ├── nopt@3.0.6
62 silly idealTree │ ├── npmlog@3.1.2
62 silly idealTree │ ├── number-is-nan@1.0.0
62 silly idealTree │ ├── oauth-sign@0.8.2
62 silly idealTree │ ├── object-assign@4.1.0
62 silly idealTree │ ├── once@1.3.3
62 silly idealTree │ ├── path-is-absolute@1.0.0
62 silly idealTree │ ├── pinkie-promise@2.0.1
62 silly idealTree │ ├── pinkie@2.0.4
62 silly idealTree │ ├── process-nextick-args@1.0.7
62 silly idealTree │ ├── qs@6.2.0
62 silly idealTree │ ├─┬ rc@1.1.6
62 silly idealTree │ │ └── minimist@1.2.0
62 silly idealTree │ ├── readable-stream@2.1.4
62 silly idealTree │ ├── request@2.73.0
62 silly idealTree │ ├── rimraf@2.5.3
62 silly idealTree │ ├── semver@5.2.0
62 silly idealTree │ ├── set-blocking@2.0.0
62 silly idealTree │ ├── signal-exit@3.0.0
62 silly idealTree │ ├── sntp@1.0.9
62 silly idealTree │ ├─┬ sshpk@1.8.3
62 silly idealTree │ │ └── assert-plus@1.0.0
62 silly idealTree │ ├── string_decoder@0.10.31
62 silly idealTree │ ├── string-width@1.0.1
62 silly idealTree │ ├── stringstream@0.0.5
62 silly idealTree │ ├── strip-ansi@3.0.1
62 silly idealTree │ ├── strip-json-comments@1.0.4
62 silly idealTree │ ├── supports-color@2.0.0
62 silly idealTree │ ├── tar-pack@3.1.4
62 silly idealTree │ ├── tar@2.2.1
62 silly idealTree │ ├── tough-cookie@2.2.2
62 silly idealTree │ ├── tunnel-agent@0.4.3
62 silly idealTree │ ├── tweetnacl@0.13.3
62 silly idealTree │ ├── uid-number@0.0.6
62 silly idealTree │ ├── util-deprecate@1.0.2
62 silly idealTree │ ├── verror@1.3.6
62 silly idealTree │ ├── wide-align@1.1.0
62 silly idealTree │ ├── wrappy@1.0.2
62 silly idealTree │ └── xtend@4.0.1
62 silly idealTree ├── function-bind@1.1.0
62 silly idealTree ├── glob-base@0.3.0
62 silly idealTree ├── glob-parent@2.0.0
62 silly idealTree ├─┬ got@3.3.1
62 silly idealTree │ └── object-assign@3.0.0
62 silly idealTree ├── graceful-fs@4.1.9
62 silly idealTree ├── graceful-readlink@1.0.1
62 silly idealTree ├── has-ansi@2.0.0
62 silly idealTree ├── has@1.0.1
62 silly idealTree ├── hast-util-is-element@1.0.0
62 silly idealTree ├── hast-util-to-html@2.1.0
62 silly idealTree ├── hast-util-whitespace@1.0.0
62 silly idealTree ├── html-void-elements@1.0.1
62 silly idealTree ├── http-errors@1.5.0
62 silly idealTree ├── iconv-lite@0.4.13
62 silly idealTree ├── ignore-by-default@1.0.1
62 silly idealTree ├── imurmurhash@0.1.4
62 silly idealTree ├── infinity-agent@2.0.3
62 silly idealTree ├── inherits@2.0.1
62 silly idealTree ├── ini@1.3.4
62 silly idealTree ├── invert-kv@1.0.0
62 silly idealTree ├── ipaddr.js@1.0.5
62 silly idealTree ├── is-alphabetical@1.0.0
62 silly idealTree ├── is-alphanumerical@1.0.0
62 silly idealTree ├── is-binary-path@1.0.1
62 silly idealTree ├── is-buffer@1.1.4
62 silly idealTree ├── is-decimal@1.0.0
62 silly idealTree ├── is-dotfile@1.0.2
62 silly idealTree ├── is-equal-shallow@0.1.3
62 silly idealTree ├── is-extendable@0.1.1
62 silly idealTree ├── is-extglob@1.0.0
62 silly idealTree ├── is-finite@1.0.2
62 silly idealTree ├── is-fullwidth-code-point@1.0.0
62 silly idealTree ├── is-glob@2.0.1
62 silly idealTree ├── is-hexadecimal@1.0.0
62 silly idealTree ├── is-npm@1.0.0
62 silly idealTree ├── is-number@2.1.0
62 silly idealTree ├── is-posix-bracket@0.1.1
62 silly idealTree ├── is-primitive@2.0.0
62 silly idealTree ├── is-promise@2.1.0
62 silly idealTree ├── is-redirect@1.0.0
62 silly idealTree ├── is-stream@1.1.0
62 silly idealTree ├── isarray@1.0.0
62 silly idealTree ├── isobject@2.1.0
62 silly idealTree ├── jade@1.11.0
62 silly idealTree ├── jstransformer@0.0.2
62 silly idealTree ├── kebab-case@1.0.0
62 silly idealTree ├── kind-of@3.0.4
62 silly idealTree ├── latest-version@1.0.1
62 silly idealTree ├── lazy-cache@1.0.4
62 silly idealTree ├── lcid@1.0.0
62 silly idealTree ├── lodash._baseassign@3.2.0
62 silly idealTree ├── lodash._basecopy@3.0.1
62 silly idealTree ├── lodash._bindcallback@3.0.1
62 silly idealTree ├── lodash._createassigner@3.1.1
62 silly idealTree ├── lodash._getnative@3.9.1
62 silly idealTree ├── lodash._isiterateecall@3.0.9
62 silly idealTree ├── lodash.assign@3.2.0
62 silly idealTree ├── lodash.defaults@3.1.2
62 silly idealTree ├── lodash.isarguments@3.1.0
62 silly idealTree ├── lodash.isarray@3.0.4
62 silly idealTree ├── lodash.keys@3.1.2
62 silly idealTree ├── lodash.restparam@3.6.1
62 silly idealTree ├── longest@1.0.1
62 silly idealTree ├── lowercase-keys@1.0.0
62 silly idealTree ├── map-stream@0.1.0
62 silly idealTree ├─┬ markdown-preview@0.3.13
62 silly idealTree │ └── commander@2.9.0
62 silly idealTree ├── marked@0.3.5
62 silly idealTree ├── mdast-util-definitions@1.1.1
62 silly idealTree ├── mdast-util-to-hast@1.0.0
62 silly idealTree ├── media-typer@0.3.0
62 silly idealTree ├── merge-descriptors@1.0.1
62 silly idealTree ├── methods@1.1.2
62 silly idealTree ├── micromatch@2.3.11
62 silly idealTree ├── mime-db@1.24.0
62 silly idealTree ├── mime-types@2.1.12
62 silly idealTree ├── mime@1.3.4
62 silly idealTree ├── minimatch@3.0.3
62 silly idealTree ├── minimist@0.0.8
62 silly idealTree ├── mkdirp@0.5.1
62 silly idealTree ├── morgan@1.7.0
62 silly idealTree ├── ms@0.7.1
62 silly idealTree ├── nan@2.4.0
62 silly idealTree ├── negotiator@0.5.3
62 silly idealTree ├── nested-error-stacks@1.0.2
62 silly idealTree ├── node-watch@0.3.5
62 silly idealTree ├── nodemon@1.11.0
62 silly idealTree ├── nopt@1.0.10
62 silly idealTree ├── normalize-path@2.0.1
62 silly idealTree ├── normalize-uri@1.0.0
62 silly idealTree ├── number-is-nan@1.0.1
62 silly idealTree ├── object-assign@4.1.0
62 silly idealTree ├── object.omit@2.0.0
62 silly idealTree ├── on-finished@2.3.0
62 silly idealTree ├── on-headers@1.0.1
62 silly idealTree ├── once@1.3.3
62 silly idealTree ├── open@0.0.5
62 silly idealTree ├── optimist@0.3.7
62 silly idealTree ├── os-homedir@1.0.2
62 silly idealTree ├── os-locale@1.4.0
62 silly idealTree ├── os-tmpdir@1.0.2
62 silly idealTree ├── osenv@0.1.3
62 silly idealTree ├── package-json@1.2.0
62 silly idealTree ├── parse-entities@1.1.0
62 silly idealTree ├── parse-glob@3.0.4
62 silly idealTree ├── parseurl@1.3.1
62 silly idealTree ├── path-is-absolute@1.0.1
62 silly idealTree ├── path-to-regexp@0.1.7
62 silly idealTree ├── pause-stream@0.0.11
62 silly idealTree ├── pinkie-promise@2.0.1
62 silly idealTree ├── pinkie@2.0.4
62 silly idealTree ├── postgres@0.0.1
62 silly idealTree ├── prepend-http@1.0.4
62 silly idealTree ├── preserve@0.2.0
62 silly idealTree ├─┬ prettyjson@1.1.3
62 silly idealTree │ └── minimist@1.2.0
62 silly idealTree ├── process-nextick-args@1.0.7
62 silly idealTree ├── promise@6.1.0
62 silly idealTree ├── property-information@3.1.0
62 silly idealTree ├── proxy-addr@1.0.10
62 silly idealTree ├── ps-tree@1.1.0
62 silly idealTree ├── qs@6.2.0
62 silly idealTree ├── randomatic@1.1.5
62 silly idealTree ├── range-parser@1.0.3
62 silly idealTree ├── raw-body@2.1.7
62 silly idealTree ├─┬ rc@1.1.6
62 silly idealTree │ └── minimist@1.2.0
62 silly idealTree ├── read-all-stream@3.1.0
62 silly idealTree ├── readable-stream@2.1.5
62 silly idealTree ├── readdirp@2.1.0
62 silly idealTree ├── regex-cache@0.4.3
62 silly idealTree ├── registry-url@3.1.0
62 silly idealTree ├── rehype-stringify@2.0.0
62 silly idealTree ├── remark-parse@1.1.0
62 silly idealTree ├── remark-rehype@1.1.0
62 silly idealTree ├── repeat-element@1.1.2
62 silly idealTree ├── repeat-string@1.6.1
62 silly idealTree ├── repeating@1.1.3
62 silly idealTree ├── right-align@0.1.3
62 silly idealTree ├── semver-diff@2.1.0
62 silly idealTree ├── semver@5.3.0
62 silly idealTree ├─┬ send@0.13.1
62 silly idealTree │ ├── http-errors@1.3.1
62 silly idealTree │ └── statuses@1.2.1
62 silly idealTree ├── serve-favicon@2.3.0
62 silly idealTree ├─┬ serve-static@1.10.3
62 silly idealTree │ ├── http-errors@1.3.1
62 silly idealTree │ ├── send@0.13.2
62 silly idealTree │ └── statuses@1.2.1
62 silly idealTree ├── set-immediate-shim@1.0.1
62 silly idealTree ├── setprototypeof@1.0.1
62 silly idealTree ├─┬ showdown@1.4.3
62 silly idealTree │ ├── camelcase@2.1.1
62 silly idealTree │ ├── cliui@3.2.0
62 silly idealTree │ ├── window-size@0.1.4
62 silly idealTree │ └── yargs@3.32.0
62 silly idealTree ├── slide@1.1.6
62 silly idealTree ├── source-map@0.4.4
62 silly idealTree ├── space-separated-tokens@1.0.0
62 silly idealTree ├── split@0.3.3
62 silly idealTree ├── statuses@1.3.0
62 silly idealTree ├── stream-combiner@0.0.4
62 silly idealTree ├── stream-shift@1.0.0
62 silly idealTree ├── string_decoder@0.10.31
62 silly idealTree ├── string-length@1.0.1
62 silly idealTree ├── string-width@1.0.2
62 silly idealTree ├── stringify-entities@1.2.0
62 silly idealTree ├── strip-ansi@3.0.1
62 silly idealTree ├── strip-json-comments@1.0.4
62 silly idealTree ├── supports-color@2.0.0
62 silly idealTree ├── through@2.3.8
62 silly idealTree ├── timed-out@2.0.0
62 silly idealTree ├── touch@1.0.0
62 silly idealTree ├─┬ transformers@2.1.0
62 silly idealTree │ ├── is-promise@1.0.1
62 silly idealTree │ ├── promise@2.0.0
62 silly idealTree │ ├── source-map@0.1.43
62 silly idealTree │ └── uglify-js@2.2.5
62 silly idealTree ├── trim-lines@1.0.0
62 silly idealTree ├── trim-trailing-lines@1.0.0
62 silly idealTree ├── trim@0.0.1
62 silly idealTree ├── trough@1.0.0
62 silly idealTree ├── type-is@1.6.13
62 silly idealTree ├─┬ uglify-js@2.7.4
62 silly idealTree │ └── source-map@0.5.6
62 silly idealTree ├── uglify-to-browserify@1.0.2
62 silly idealTree ├── undefsafe@0.0.3
62 silly idealTree ├── unherit@1.1.0
62 silly idealTree ├── unified@4.2.1
62 silly idealTree ├── unist-builder@1.0.2
62 silly idealTree ├── unist-util-is@2.0.0
62 silly idealTree ├── unist-util-position@2.0.1
62 silly idealTree ├── unist-util-remove-position@1.1.0
62 silly idealTree ├── unist-util-visit@1.1.0
62 silly idealTree ├── unpipe@1.0.0
62 silly idealTree ├── update-notifier@0.5.0
62 silly idealTree ├── util-deprecate@1.0.2
62 silly idealTree ├── utils-merge@1.0.0
62 silly idealTree ├── uuid@2.0.3
62 silly idealTree ├── vary@1.0.1
62 silly idealTree ├── vfile-location@2.0.1
62 silly idealTree ├── vfile@1.4.0
62 silly idealTree ├── void-elements@2.0.1
62 silly idealTree ├── window-size@0.1.0
62 silly idealTree ├─┬ with@4.0.3
62 silly idealTree │ └── acorn@1.2.2
62 silly idealTree ├── wordwrap@0.0.3
62 silly idealTree ├── wrap-ansi@2.0.0
62 silly idealTree ├── wrappy@1.0.2
62 silly idealTree ├── write-file-atomic@1.2.0
62 silly idealTree ├── xdg-basedir@2.0.0
62 silly idealTree ├── xtend@4.0.1
62 silly idealTree ├── y18n@3.2.1
62 silly idealTree └── yargs@3.10.0
63 silly generateActionsToTake Starting
64 silly install generateActionsToTake
65 silly generateActionsToTake Finishing
66 silly diffTrees action count 1
67 silly diffTrees add postgres@0.0.1
68 silly decomposeActions action count 8
69 silly decomposeActions fetch postgres@0.0.1
70 silly decomposeActions extract postgres@0.0.1
71 silly decomposeActions test postgres@0.0.1
72 silly decomposeActions preinstall postgres@0.0.1
73 silly decomposeActions build postgres@0.0.1
74 silly decomposeActions install postgres@0.0.1
75 silly decomposeActions postinstall postgres@0.0.1
76 silly decomposeActions finalize postgres@0.0.1
77 silly executeActions Starting
78 silly install executeActions
79 silly doSerial global-install 0
80 silly doParallel fetch 1
81 verbose correctMkdir /Users/hacktiv8-12/.npm/_locks correctMkdir not in flight; initializing
82 verbose lock using /Users/hacktiv8-12/.npm/_locks/staging-ab40b8921bea91cf.lock for /Users/hacktiv8-12/Desktop/rest-basic/node_modules/.staging
83 silly doParallel extract 1
84 silly extract postgres@0.0.1
85 verbose unbuild node_modules/.staging/postgres-0ae6b8a7
86 silly gentlyRm /Users/hacktiv8-12/Desktop/rest-basic/node_modules/.staging/postgres-0ae6b8a7 is being purged from base /Users/hacktiv8-12/Desktop/rest-basic
87 verbose gentlyRm don't care about contents; nuking /Users/hacktiv8-12/Desktop/rest-basic/node_modules/.staging/postgres-0ae6b8a7
88 verbose tar unpack /Users/hacktiv8-12/.npm/postgres/0.0.1/package.tgz
89 verbose tar unpacking to /Users/hacktiv8-12/Desktop/rest-basic/node_modules/.staging/postgres-0ae6b8a7
90 silly gentlyRm /Users/hacktiv8-12/Desktop/rest-basic/node_modules/.staging/postgres-0ae6b8a7 is being purged
91 verbose gentlyRm don't care about contents; nuking /Users/hacktiv8-12/Desktop/rest-basic/node_modules/.staging/postgres-0ae6b8a7
92 silly gunzTarPerm modes [ '755', '644' ]
93 silly gunzTarPerm extractEntry
94 silly gunzTarPerm extractEntry .gitignore
95 silly gunzTarPerm extractEntry ._.npmignore
96 silly gunzTarPerm extractEntry .npmignore
97 silly gunzTarPerm extractEntry binding.cc
98 silly gunzTarPerm extractEntry LICENSE-MIT
99 silly gunzTarPerm extractEntry ._package.json
100 silly gunzTarPerm extractEntry package.json
101 silly gunzTarPerm extractEntry postgres.js
102 silly gunzTarPerm extractEntry README
103 silly gunzTarPerm extractEntry test.js
104 silly gunzTarPerm extractEntry type-oids.h
105 silly gunzTarPerm extractEntry wscript
106 silly gentlyRm /Users/hacktiv8-12/Desktop/rest-basic/node_modules/.staging/postgres-0ae6b8a7/node_modules is being purged
107 verbose gentlyRm don't care about contents; nuking /Users/hacktiv8-12/Desktop/rest-basic/node_modules/.staging/postgres-0ae6b8a7/node_modules
108 silly doParallel preinstall 1
109 silly preinstall postgres@0.0.1 /Users/hacktiv8-12/Desktop/rest-basic/node_modules/.staging/postgres-0ae6b8a7
110 info lifecycle postgres@0.0.1~preinstall: postgres@0.0.1
111 silly lifecycle postgres@0.0.1~preinstall: no script for preinstall, continuing
112 silly doReverseSerial remove 0
113 silly doSerial move 0
114 silly doSerial finalize 1
115 silly finalize /Users/hacktiv8-12/Desktop/rest-basic/node_modules/postgres
116 silly doSerial build 1
117 silly build postgres@0.0.1
118 info linkStuff postgres@0.0.1
119 silly linkStuff postgres@0.0.1 has /Users/hacktiv8-12/Desktop/rest-basic/node_modules as its parent node_modules
120 verbose linkBins postgres@0.0.1
121 verbose linkMans postgres@0.0.1
122 silly doSerial global-link 0
123 silly doParallel update-linked 0
124 silly doSerial install 1
125 silly install postgres@0.0.1 /Users/hacktiv8-12/Desktop/rest-basic/node_modules/.staging/postgres-0ae6b8a7
126 info lifecycle postgres@0.0.1~install: postgres@0.0.1
127 verbose lifecycle postgres@0.0.1~install: unsafe-perm in lifecycle true
128 verbose lifecycle postgres@0.0.1~install: PATH: /usr/local/lib/node_modules/npm/bin/node-gyp-bin:/Users/hacktiv8-12/Desktop/rest-basic/node_modules/postgres/node_modules/.bin:/Users/hacktiv8-12/Desktop/rest-basic/node_modules/.bin:/usr/local/Cellar/node/6.4.0/bin:/usr/local/bin:/usr/local/sbin:/usr/bin:/bin:/usr/sbin:/sbin
129 verbose lifecycle postgres@0.0.1~install: CWD: /Users/hacktiv8-12/Desktop/rest-basic/node_modules/postgres
130 silly lifecycle postgres@0.0.1~install: Args: [ '-c', 'node-waf configure build' ]
131 info lifecycle postgres@0.0.1~install: Failed to exec install script
132 verbose unlock done using /Users/hacktiv8-12/.npm/_locks/staging-ab40b8921bea91cf.lock for /Users/hacktiv8-12/Desktop/rest-basic/node_modules/.staging
133 silly rollbackFailedOptional Starting
134 silly rollbackFailedOptional Finishing
135 silly runTopLevelLifecycles Starting
136 silly runTopLevelLifecycles Finishing
137 silly install printInstalled
138 verbose stack Error: postgres@0.0.1 install: `node-waf configure build`
138 verbose stack spawn ENOENT
138 verbose stack     at ChildProcess.<anonymous> (/usr/local/lib/node_modules/npm/lib/utils/spawn.js:33:16)
138 verbose stack     at emitTwo (events.js:106:13)
138 verbose stack     at ChildProcess.emit (events.js:191:7)
138 verbose stack     at maybeClose (internal/child_process.js:852:16)
138 verbose stack     at Process.ChildProcess._handle.onexit (internal/child_process.js:215:5)
139 verbose pkgid postgres@0.0.1
140 verbose cwd /Users/hacktiv8-12/Desktop/rest-basic
141 error Darwin 15.5.0
142 error argv "/usr/local/Cellar/node/6.4.0/bin/node" "/usr/local/bin/npm" "install" "--save" "postgres"
143 error node v6.4.0
144 error npm  v3.10.3
145 error file sh
146 error code ELIFECYCLE
147 error errno ENOENT
148 error syscall spawn
149 error postgres@0.0.1 install: `node-waf configure build`
149 error spawn ENOENT
150 error Failed at the postgres@0.0.1 install script 'node-waf configure build'.
150 error Make sure you have the latest version of node.js and npm installed.
150 error If you do, this is most likely a problem with the postgres package,
150 error not with npm itself.
150 error Tell the author that this fails on your system:
150 error     node-waf configure build
150 error You can get information on how to open an issue for this project with:
150 error     npm bugs postgres
150 error Or if that isn't available, you can get their info via:
150 error     npm owner ls postgres
150 error There is likely additional logging output above.
151 verbose exit [ 1, true ]
